<?xml version="1.0" encoding="UTF-8"?>
<!-- Generated by org.testng.reporters.JUnitReportReporter -->
<testsuite skipped="0" hostname="AAco8" name="login.NewTest" tests="1" failures="0" timestamp="25 May 2018 05:59:47 GMT" time="7.530" errors="0">
  <testcase name="f" time="7.530" classname="login.NewTest"/>
</testsuite> <!-- login.NewTest -->
